<?xml version="1.0" encoding="UTF-8"?>
<testsuite name="com.testory.assistant.OverlaySpatialFilterTest" tests="6" skipped="0" failures="0" errors="0" timestamp="2026-06-30T07:25:18" hostname="麦克斯泰" time="0.004">
  <properties/>
  <testcase name="hitTestPointOutsideOverlay" classname="com.testory.assistant.OverlaySpatialFilterTest" time="0.002"/>
  <testcase name="emptyOverlayNeverIgnores" classname="com.testory.assistant.OverlaySpatialFilterTest" time="0.0"/>
  <testcase name="hitTestBoundsIntersectOverlay" classname="com.testory.assistant.OverlaySpatialFilterTest" time="0.0"/>
  <testcase name="hitSlopExpandsOverlayHitRegion" classname="com.testory.assistant.OverlaySpatialFilterTest" time="0.0"/>
  <testcase name="hitTestPointInsideOverlay" classname="com.testory.assistant.OverlaySpatialFilterTest" time="0.0"/>
  <testcase name="hitTestBoundsMissOverlay" classname="com.testory.assistant.OverlaySpatialFilterTest" time="0.001"/>
  <system-out><![CDATA[]]></system-out>
  <system-err><![CDATA[]]></system-err>
</testsuite>
